<?xml version="1.0" encoding="UTF-8"?>
<!-- Generated by org.testng.reporters.JUnitXMLReporter -->
<testsuite hostname="HYDL2-ASRI4942" ignored="0" name="Default test" tests="4" failures="0" timestamp="2023-03-05T08:43:08 IST" time="0.05" errors="0">
  <testcase name="myntra" time="0.008" classname="fms.mavenproject.SeleniumTest"/>
  <testcase name="snapdeal" time="0.0" classname="fms.mavenproject.SeleniumTest"/>
  <testcase name="faceBook" time="0.001" classname="fms.mavenproject.AppiumTest"/>
  <testcase name="youtube" time="0.001" classname="fms.mavenproject.AppiumTest"/>
</testsuite> <!-- Default test -->
